0 info it worked if it ends with ok
1 verbose cli [ 'node', '/usr/local/bin/npm', 'uninstall', 'jshint', '-g' ]
2 info using npm@1.4.28
3 info using node@v0.10.35
4 verbose lib/node_modules/jshint unbuild
5 info preuninstall jshint@2.6.0
6 info uninstall jshint@2.6.0
7 verbose true,/usr/local/lib/node_modules,/usr/local/lib/node_modules unbuild jshint@2.6.0
8 verbose /usr/local/bin,[object Object] binRoot
9 info postuninstall jshint@2.6.0
10 error Error: EACCES, unlink '/usr/local/lib/node_modules/jshint'
10 error  { [Error: EACCES, unlink '/usr/local/lib/node_modules/jshint']
10 error   errno: 3,
10 error   code: 'EACCES',
10 error   path: '/usr/local/lib/node_modules/jshint' }
11 error Please try running this command again as root/Administrator.
12 error System Darwin 13.3.0
13 error command "node" "/usr/local/bin/npm" "uninstall" "jshint" "-g"
14 error cwd /Users/joslomba/Sites/addbooks
15 error node -v v0.10.35
16 error npm -v 1.4.28
17 error path /usr/local/lib/node_modules/jshint
18 error code EACCES
19 error errno 3
20 error stack Error: EACCES, unlink '/usr/local/lib/node_modules/jshint'
21 verbose exit [ 3, true ]
